# JRE version: Java(TM) SE Runtime Environment (8.0_212-b10) (build 1.8.0_212-b10)
# Java VM: Java HotSpot(TM) 64-Bit Server VM (25.212-b10 mixed mode windows-amd64 compressed oops)
Heap:
 PSYoungGen      total 103936K, used 94980K [0x000000076bd00000, 0x0000000772e00000, 0x00000007c0000000)
  eden space 93184K, 91% used [0x000000076bd00000,0x00000007710991a0,0x0000000771800000)
  from space 10752K, 87% used [0x0000000772280000,0x0000000772ba7ff0,0x0000000772d00000)
  to   space 10752K, 0% used [0x0000000771800000,0x0000000771800000,0x0000000772280000)
 ParOldGen       total 113152K, used 11663K [0x00000006c3600000, 0x00000006ca480000, 0x000000076bd00000)
  object space 113152K, 10% used [0x00000006c3600000,0x00000006c4163f98,0x00000006ca480000)
 Metaspace       used 33292K, capacity 35394K, committed 35496K, reserved 1079296K
  class space    used 4399K, capacity 4809K, committed 4864K, reserved 1048576K
GC Heap History (10 events):
Event: 0.618 GC heap before
{Heap before GC invocations=1 (full 0):
 PSYoungGen      total 75776K, used 65024K [0x000000076bd00000, 0x0000000771180000, 0x00000007c0000000)
  eden space 65024K, 100% used [0x000000076bd00000,0x000000076fc80000,0x000000076fc80000)
  from space 10752K, 0% used [0x0000000770700000,0x0000000770700000,0x0000000771180000)
  to   space 10752K, 0% used [0x000000076fc80000,0x000000076fc80000,0x0000000770700000)
 ParOldGen       total 173568K, used 0K [0x00000006c3600000, 0x00000006cdf80000, 0x000000076bd00000)
  object space 173568K, 0% used [0x00000006c3600000,0x00000006c3600000,0x00000006cdf80000)
 Metaspace       used 14309K, capacity 14966K, committed 15104K, reserved 1062912K
  class space    used 1879K, capacity 2035K, committed 2048K, reserved 1048576K
Event: 0.623 GC heap after
Heap after GC invocations=1 (full 0):
 PSYoungGen      total 75776K, used 8210K [0x000000076bd00000, 0x0000000771180000, 0x00000007c0000000)
  eden space 65024K, 0% used [0x000000076bd00000,0x000000076bd00000,0x000000076fc80000)
  from space 10752K, 76% used [0x000000076fc80000,0x0000000770484848,0x0000000770700000)
  to   space 10752K, 0% used [0x0000000770700000,0x0000000770700000,0x0000000771180000)
 ParOldGen       total 173568K, used 16K [0x00000006c3600000, 0x00000006cdf80000, 0x000000076bd00000)
  object space 173568K, 0% used [0x00000006c3600000,0x00000006c3604000,0x00000006cdf80000)
 Metaspace       used 14309K, capacity 14966K, committed 15104K, reserved 1062912K
  class space    used 1879K, capacity 2035K, committed 2048K, reserved 1048576K
}
Event: 0.842 GC heap before
{Heap before GC invocations=2 (full 0):
 PSYoungGen      total 75776K, used 71664K [0x000000076bd00000, 0x0000000771180000, 0x00000007c0000000)
  eden space 65024K, 97% used [0x000000076bd00000,0x000000076faf7a80,0x000000076fc80000)
  from space 10752K, 76% used [0x000000076fc80000,0x0000000770484848,0x0000000770700000)
  to   space 10752K, 0% used [0x0000000770700000,0x0000000770700000,0x0000000771180000)
 ParOldGen       total 173568K, used 16K [0x00000006c3600000, 0x00000006cdf80000, 0x000000076bd00000)
  object space 173568K, 0% used [0x00000006c3600000,0x00000006c3604000,0x00000006cdf80000)
 Metaspace       used 20290K, capacity 21216K, committed 21296K, reserved 1067008K
  class space    used 2658K, capacity 2902K, committed 2944K, reserved 1048576K
Event: 0.849 GC heap after
Heap after GC invocations=2 (full 0):
 PSYoungGen      total 75776K, used 10741K [0x000000076bd00000, 0x0000000775100000, 0x00000007c0000000)
  eden space 65024K, 0% used [0x000000076bd00000,0x000000076bd00000,0x000000076fc80000)
  from space 10752K, 99% used [0x0000000770700000,0x000000077117d4b8,0x0000000771180000)
  to   space 10752K, 0% used [0x000000076fc80000,0x000000076fc80000,0x0000000770700000)
 ParOldGen       total 173568K, used 1561K [0x00000006c3600000, 0x00000006cdf80000, 0x000000076bd00000)
  object space 173568K, 0% used [0x00000006c3600000,0x00000006c3786510,0x00000006cdf80000)
 Metaspace       used 20290K, capacity 21216K, committed 21296K, reserved 1067008K
  class space    used 2658K, capacity 2902K, committed 2944K, reserved 1048576K
}
Event: 0.849 GC heap before
{Heap before GC invocations=3 (full 1):
 PSYoungGen      total 75776K, used 10741K [0x000000076bd00000, 0x0000000775100000, 0x00000007c0000000)
  eden space 65024K, 0% used [0x000000076bd00000,0x000000076bd00000,0x000000076fc80000)
  from space 10752K, 99% used [0x0000000770700000,0x000000077117d4b8,0x0000000771180000)
  to   space 10752K, 0% used [0x000000076fc80000,0x000000076fc80000,0x0000000770700000)
 ParOldGen       total 173568K, used 1561K [0x00000006c3600000, 0x00000006cdf80000, 0x000000076bd00000)
  object space 173568K, 0% used [0x00000006c3600000,0x00000006c3786510,0x00000006cdf80000)
 Metaspace       used 20290K, capacity 21216K, committed 21296K, reserved 1067008K
  class space    used 2658K, capacity 2902K, committed 2944K, reserved 1048576K
Event: 0.865 GC heap after
Heap after GC invocations=3 (full 1):
 PSYoungGen      total 75776K, used 0K [0x000000076bd00000, 0x0000000775100000, 0x00000007c0000000)
  eden space 65024K, 0% used [0x000000076bd00000,0x000000076bd00000,0x000000076fc80000)
  from space 10752K, 0% used [0x0000000770700000,0x0000000770700000,0x0000000771180000)
  to   space 10752K, 0% used [0x000000076fc80000,0x000000076fc80000,0x0000000770700000)
 ParOldGen       total 113152K, used 11647K [0x00000006c3600000, 0x00000006ca480000, 0x000000076bd00000)
  object space 113152K, 10% used [0x00000006c3600000,0x00000006c415ff98,0x00000006ca480000)
 Metaspace       used 20290K, capacity 21216K, committed 21296K, reserved 1067008K
  class space    used 2658K, capacity 2902K, committed 2944K, reserved 1048576K
}
Event: 1.171 GC heap before
{Heap before GC invocations=4 (full 1):
 PSYoungGen      total 75776K, used 65024K [0x000000076bd00000, 0x0000000775100000, 0x00000007c0000000)
  eden space 65024K, 100% used [0x000000076bd00000,0x000000076fc80000,0x000000076fc80000)
  from space 10752K, 0% used [0x0000000770700000,0x0000000770700000,0x0000000771180000)
  to   space 10752K, 0% used [0x000000076fc80000,0x000000076fc80000,0x0000000770700000)
 ParOldGen       total 113152K, used 11647K [0x00000006c3600000, 0x00000006ca480000, 0x000000076bd00000)
  object space 113152K, 10% used [0x00000006c3600000,0x00000006c415ff98,0x00000006ca480000)
 Metaspace       used 25178K, capacity 26924K, committed 27136K, reserved 1073152K
  class space    used 3408K, capacity 3730K, committed 3840K, reserved 1048576K
Event: 1.174 GC heap after
Heap after GC invocations=4 (full 1):
 PSYoungGen      total 75776K, used 7416K [0x000000076bd00000, 0x0000000772d00000, 0x00000007c0000000)
  eden space 65024K, 0% used [0x000000076bd00000,0x000000076bd00000,0x000000076fc80000)
  from space 10752K, 68% used [0x000000076fc80000,0x00000007703be2a8,0x0000000770700000)
  to   space 10752K, 0% used [0x0000000772280000,0x0000000772280000,0x0000000772d00000)
 ParOldGen       total 113152K, used 11655K [0x00000006c3600000, 0x00000006ca480000, 0x000000076bd00000)
  object space 113152K, 10% used [0x00000006c3600000,0x00000006c4161f98,0x00000006ca480000)
 Metaspace       used 25178K, capacity 26924K, committed 27136K, reserved 1073152K
  class space    used 3408K, capacity 3730K, committed 3840K, reserved 1048576K
}
Event: 1.410 GC heap before
{Heap before GC invocations=5 (full 1):
 PSYoungGen      total 75776K, used 72440K [0x000000076bd00000, 0x0000000772d00000, 0x00000007c0000000)
  eden space 65024K, 100% used [0x000000076bd00000,0x000000076fc80000,0x000000076fc80000)
  from space 10752K, 68% used [0x000000076fc80000,0x00000007703be2a8,0x0000000770700000)
  to   space 10752K, 0% used [0x0000000772280000,0x0000000772280000,0x0000000772d00000)
 ParOldGen       total 113152K, used 11655K [0x00000006c3600000, 0x00000006ca480000, 0x000000076bd00000)
  object space 113152K, 10% used [0x00000006c3600000,0x00000006c4161f98,0x00000006ca480000)
 Metaspace       used 29038K, capacity 30948K, committed 31232K, reserved 1077248K
  class space    used 3882K, capacity 4230K, committed 4352K, reserved 1048576K
Event: 1.414 GC heap after
Heap after GC invocations=5 (full 1):
 PSYoungGen      total 103936K, used 9375K [0x000000076bd00000, 0x0000000772e00000, 0x00000007c0000000)
  eden space 93184K, 0% used [0x000000076bd00000,0x000000076bd00000,0x0000000771800000)
  from space 10752K, 87% used [0x0000000772280000,0x0000000772ba7ff0,0x0000000772d00000)
  to   space 10752K, 0% used [0x0000000771800000,0x0000000771800000,0x0000000772280000)
 ParOldGen       total 113152K, used 11663K [0x00000006c3600000, 0x00000006ca480000, 0x000000076bd00000)
  object space 113152K, 10% used [0x00000006c3600000,0x00000006c4163f98,0x00000006ca480000)
 Metaspace       used 29038K, capacity 30948K, committed 31232K, reserved 1077248K
  class space    used 3882K, capacity 4230K, committed 4352K, reserved 1048576K
}

